# JRE version: OpenJDK Runtime Environment (17.0.2+8) (build 17.0.2+8-86)
# Java VM: OpenJDK 64-Bit Server VM (17.0.2+8-86, mixed mode, emulated-client, sharing, tiered, compressed oops, compressed class ptrs, g1 gc, windows-amd64)
GC Precious Log:
 CPUs: 12 total, 12 available
 Memory: 32408M
 Large Page Support: Disabled
 NUMA Support: Disabled
 Compressed Oops: Enabled (Zero based)
 Heap Region Size: 4M
 Heap Min Capacity: 8M
 Heap Initial Capacity: 508M
 Heap Max Capacity: 8104M
 Pre-touch: Disabled
 Parallel Workers: 10
 Concurrent Workers: 3
 Concurrent Refinement Workers: 10
 Periodic GC: Disabled
Heap:
 garbage-first heap   total 122880K, used 34868K [0x0000000605800000, 0x0000000800000000)
  region size 4096K, 2 young (8192K), 1 survivors (4096K)
 Metaspace       used 60579K, committed 61120K, reserved 1105920K
  class space    used 8732K, committed 9024K, reserved 1048576K
GC Heap History (20 events):
Event: 0.448 GC heap before
{Heap before GC invocations=0 (full 0):
 garbage-first heap   total 520192K, used 20480K [0x0000000605800000, 0x0000000800000000)
  region size 4096K, 6 young (24576K), 0 survivors (0K)
 Metaspace       used 5408K, committed 5632K, reserved 1056768K
  class space    used 661K, committed 768K, reserved 1048576K
}
Event: 0.453 GC heap after
{Heap after GC invocations=1 (full 0):
 garbage-first heap   total 520192K, used 9666K [0x0000000605800000, 0x0000000800000000)
  region size 4096K, 1 young (4096K), 1 survivors (4096K)
 Metaspace       used 5408K, committed 5632K, reserved 1056768K
  class space    used 661K, committed 768K, reserved 1048576K
}
Event: 0.603 GC heap before
{Heap before GC invocations=1 (full 0):
 garbage-first heap   total 520192K, used 30146K [0x0000000605800000, 0x0000000800000000)
  region size 4096K, 6 young (24576K), 1 survivors (4096K)
 Metaspace       used 9503K, committed 9664K, reserved 1064960K
  class space    used 1212K, committed 1280K, reserved 1048576K
}
Event: 0.607 GC heap after
{Heap after GC invocations=2 (full 0):
 garbage-first heap   total 520192K, used 11230K [0x0000000605800000, 0x0000000800000000)
  region size 4096K, 1 young (4096K), 1 survivors (4096K)
 Metaspace       used 9503K, committed 9664K, reserved 1064960K
  class space    used 1212K, committed 1280K, reserved 1048576K
}
Event: 1.221 GC heap before
{Heap before GC invocations=2 (full 0):
 garbage-first heap   total 520192K, used 56286K [0x0000000605800000, 0x0000000800000000)
  region size 4096K, 13 young (53248K), 1 survivors (4096K)
 Metaspace       used 16731K, committed 17024K, reserved 1064960K
  class space    used 2204K, committed 2368K, reserved 1048576K
}
Event: 1.227 GC heap after
{Heap after GC invocations=3 (full 0):
 garbage-first heap   total 520192K, used 16447K [0x0000000605800000, 0x0000000800000000)
  region size 4096K, 2 young (8192K), 2 survivors (8192K)
 Metaspace       used 16731K, committed 17024K, reserved 1064960K
  class space    used 2204K, committed 2368K, reserved 1048576K
}
Event: 1.361 GC heap before
{Heap before GC invocations=3 (full 0):
 garbage-first heap   total 520192K, used 45119K [0x0000000605800000, 0x0000000800000000)
  region size 4096K, 10 young (40960K), 2 survivors (8192K)
 Metaspace       used 21203K, committed 21568K, reserved 1073152K
  class space    used 2925K, committed 3072K, reserved 1048576K
}
Event: 1.365 GC heap after
{Heap after GC invocations=4 (full 0):
 garbage-first heap   total 520192K, used 17593K [0x0000000605800000, 0x0000000800000000)
  region size 4096K, 2 young (8192K), 2 survivors (8192K)
 Metaspace       used 21203K, committed 21568K, reserved 1073152K
  class space    used 2925K, committed 3072K, reserved 1048576K
}
Event: 1.565 GC heap before
{Heap before GC invocations=5 (full 0):
 garbage-first heap   total 81920K, used 54457K [0x0000000605800000, 0x0000000800000000)
  region size 4096K, 12 young (49152K), 2 survivors (8192K)
 Metaspace       used 26328K, committed 26688K, reserved 1073152K
  class space    used 3598K, committed 3776K, reserved 1048576K
}
Event: 1.570 GC heap after
{Heap after GC invocations=6 (full 0):
 garbage-first heap   total 81920K, used 21434K [0x0000000605800000, 0x0000000800000000)
  region size 4096K, 3 young (12288K), 3 survivors (12288K)
 Metaspace       used 26328K, committed 26688K, reserved 1073152K
  class space    used 3598K, committed 3776K, reserved 1048576K
}
Event: 1.601 GC heap before
{Heap before GC invocations=6 (full 0):
 garbage-first heap   total 81920K, used 25530K [0x0000000605800000, 0x0000000800000000)
  region size 4096K, 4 young (16384K), 3 survivors (12288K)
 Metaspace       used 26547K, committed 26944K, reserved 1073152K
  class space    used 3636K, committed 3840K, reserved 1048576K
}
Event: 1.609 GC heap after
{Heap after GC invocations=7 (full 0):
 garbage-first heap   total 303104K, used 22935K [0x0000000605800000, 0x0000000800000000)
  region size 4096K, 1 young (4096K), 1 survivors (4096K)
 Metaspace       used 26547K, committed 26944K, reserved 1073152K
  class space    used 3636K, committed 3840K, reserved 1048576K
}
Event: 2.384 GC heap before
{Heap before GC invocations=7 (full 0):
 garbage-first heap   total 303104K, used 108951K [0x0000000605800000, 0x0000000800000000)
  region size 4096K, 23 young (94208K), 1 survivors (4096K)
 Metaspace       used 35919K, committed 36288K, reserved 1081344K
  class space    used 5004K, committed 5184K, reserved 1048576K
}
Event: 2.388 GC heap after
{Heap after GC invocations=8 (full 0):
 garbage-first heap   total 303104K, used 27317K [0x0000000605800000, 0x0000000800000000)
  region size 4096K, 2 young (8192K), 2 survivors (8192K)
 Metaspace       used 35919K, committed 36288K, reserved 1081344K
  class space    used 5004K, committed 5184K, reserved 1048576K
}
Event: 2.917 GC heap before
{Heap before GC invocations=9 (full 0):
 garbage-first heap   total 122880K, used 92853K [0x0000000605800000, 0x0000000800000000)
  region size 4096K, 18 young (73728K), 2 survivors (8192K)
 Metaspace       used 42386K, committed 42880K, reserved 1089536K
  class space    used 5938K, committed 6208K, reserved 1048576K
}
Event: 2.924 GC heap after
{Heap after GC invocations=10 (full 0):
 garbage-first heap   total 122880K, used 30737K [0x0000000605800000, 0x0000000800000000)
  region size 4096K, 3 young (12288K), 3 survivors (12288K)
 Metaspace       used 42386K, committed 42880K, reserved 1089536K
  class space    used 5938K, committed 6208K, reserved 1048576K
}
Event: 3.439 GC heap before
{Heap before GC invocations=10 (full 0):
 garbage-first heap   total 122880K, used 79889K [0x0000000605800000, 0x0000000800000000)
  region size 4096K, 15 young (61440K), 3 survivors (12288K)
 Metaspace       used 52401K, committed 52928K, reserved 1097728K
  class space    used 7417K, committed 7680K, reserved 1048576K
}
Event: 3.443 GC heap after
{Heap after GC invocations=11 (full 0):
 garbage-first heap   total 122880K, used 34230K [0x0000000605800000, 0x0000000800000000)
  region size 4096K, 2 young (8192K), 2 survivors (8192K)
 Metaspace       used 52401K, committed 52928K, reserved 1097728K
  class space    used 7417K, committed 7680K, reserved 1048576K
}
Event: 3.816 GC heap before
{Heap before GC invocations=11 (full 0):
 garbage-first heap   total 122880K, used 71094K [0x0000000605800000, 0x0000000800000000)
  region size 4096K, 12 young (49152K), 2 survivors (8192K)
 Metaspace       used 60281K, committed 60800K, reserved 1105920K
  class space    used 8685K, committed 8960K, reserved 1048576K
}
Event: 3.820 GC heap after
{Heap after GC invocations=12 (full 0):
 garbage-first heap   total 122880K, used 34868K [0x0000000605800000, 0x0000000800000000)
  region size 4096K, 1 young (4096K), 1 survivors (4096K)
 Metaspace       used 60281K, committed 60800K, reserved 1105920K
  class space    used 8685K, committed 8960K, reserved 1048576K
}

